Flutter crash report.
Please report a bug at https://github.com/flutter/flutter/issues.

## command

flutter --quiet assemble --no-version-check --depfile C:\Users\Por Woodden\Desktop\foodscanapp\build\app\intermediates\flutter\debug/flutter_build.d --output C:\Users\Por Woodden\Desktop\foodscanapp\build\app\intermediates\flutter\debug -dTargetFile=C:\Users\Por Woodden\Desktop\foodscanapp\lib\main.dart -dTargetPlatform=android -dBuildMode=debug -dTrackWidgetCreation=true --DartDefines=RkxVVFRFUl9WRVJTSU9OPTMuMzguOQ==,RkxVVFRFUl9DSEFOTkVMPXN0YWJsZQ==,RkxVVFRFUl9HSVRfVVJMPWh0dHBzOi8vZ2l0aHViLmNvbS9mbHV0dGVyL2ZsdXR0ZXIuZ2l0,RkxVVFRFUl9GUkFNRVdPUktfUkVWSVNJT049NjczMjNkZTI4NQ==,RkxVVFRFUl9FTkdJTkVfUkVWSVNJT049NTg3YzE4Zjg3Mw==,RkxVVFRFUl9EQVJUX1ZFUlNJT049My4xMC44 -dFlavor= -dAndroidArchs=android-arm64 -dMinSdkVersion=24 debug_android_application

## exception

PathAccessException: PathAccessException: Cannot delete file, path = 'C:\Users\Por Woodden\Desktop\foodscanapp\build\app\intermediates\flutter\debug\flutter_assets\lib\assets\loading\pos-layer.png' (OS Error: Access is denied, errno = 5)

```
#0      _File.throwIfError (dart:io/file_impl.dart:783:7)
#1      _File._deleteSync (dart:io/file_impl.dart:368:5)
#2      FileSystemEntity.deleteSync (dart:io/file_system_entity.dart:425:7)
#3      ForwardingFileSystemEntity.deleteSync (package:file/src/forwarding/forwarding_file_system_entity.dart:70:16)
#4      ForwardingFileSystemEntity.deleteSync (package:file/src/forwarding/forwarding_file_system_entity.dart:70:16)
#5      ErrorHandlingFileSystem.deleteIfExists (package:flutter_tools/src/base/error_handling_io.dart:90:14)
#6      FlutterBuildSystem.trackSharedBuildDirectory (package:flutter_tools/src/build_system/build_system.dart:799:33)
#7      FlutterBuildSystem.build (package:flutter_tools/src/build_system/build_system.dart:682:5)
<asynchronous suspension>
#8      AssembleCommand.runCommand (package:flutter_tools/src/commands/assemble.dart:361:32)
<asynchronous suspension>
#9      FlutterCommand.run.<anonymous closure> (package:flutter_tools/src/runner/flutter_command.dart:1559:27)
<asynchronous suspension>
#10     AppContext.run.<anonymous closure> (package:flutter_tools/src/base/context.dart:154:19)
<asynchronous suspension>
#11     CommandRunner.runCommand (package:args/command_runner.dart:212:13)
<asynchronous suspension>
#12     FlutterCommandRunner.runCommand.<anonymous closure> (package:flutter_tools/src/runner/flutter_command_runner.dart:487:9)
<asynchronous suspension>
#13     AppContext.run.<anonymous closure> (package:flutter_tools/src/base/context.dart:154:19)
<asynchronous suspension>
#14     FlutterCommandRunner.runCommand (package:flutter_tools/src/runner/flutter_command_runner.dart:422:5)
<asynchronous suspension>
#15     run.<anonymous closure>.<anonymous closure> (package:flutter_tools/runner.dart:104:11)
<asynchronous suspension>
#16     AppContext.run.<anonymous closure> (package:flutter_tools/src/base/context.dart:154:19)
<asynchronous suspension>
#17     main (package:flutter_tools/executable.dart:103:3)
<asynchronous suspension>
```

## flutter doctor

```
[✓] Flutter (Channel stable, 3.38.9, on Microsoft Windows [Version 10.0.22631.6199], locale en-US) [598ms]
    • Flutter version 3.38.9 on channel stable at C:\src\flutter
    • Upstream repository https://github.com/flutter/flutter.git
    • Framework revision 67323de285 (5 months ago), 2026-01-28 13:43:12 -0800
    • Engine revision 587c18f873
    • Dart version 3.10.8
    • DevTools version 2.51.1
    • Feature flags: enable-web, enable-linux-desktop, enable-macos-desktop, enable-windows-desktop, enable-android, enable-ios, cli-animations, enable-native-assets, omit-legacy-version-file, enable-lldb-debugging

[✓] Windows Version (11 Home Single Language 64-bit, 23H2, 2009) [9.5s]

[✓] Android toolchain - develop for Android devices (Android SDK version 36.1.0) [6.3s]
    • Android SDK at C:\app_eob
    • Emulator version 36.3.10.0 (build_id 14472402) (CL:N/A)
    • Platform android-36, build-tools 36.1.0
    • Java binary at: C:\Program Files\Eclipse Adoptium\jdk-17.0.17.10-hotspot\bin\java
      This JDK is specified in your Flutter configuration.
      To change the current JDK, run: `flutter config --jdk-dir="path/to/jdk"`.
    • Java version OpenJDK Runtime Environment Temurin-17.0.17+10 (build 17.0.17+10)
    • All Android licenses accepted.

[✓] Chrome - develop for the web [27ms]
    • Chrome at C:\Program Files\Google\Chrome\Application\chrome.exe

[✗] Visual Studio - develop Windows apps [23ms]
    ✗ Visual Studio not installed; this is necessary to develop Windows apps.
      Download at https://visualstudio.microsoft.com/downloads/.
      Please install the "Desktop development with C++" workload, including all of its default components

[✓] Connected device (4 available) [662ms]
    • CPH1907 (mobile)  • cad2a1fb • android-arm64  • Android 11 (API 30)
    • Windows (desktop) • windows  • windows-x64    • Microsoft Windows [Version 10.0.22631.6199]
    • Chrome (web)      • chrome   • web-javascript • Google Chrome 149.0.7827.197
    • Edge (web)        • edge     • web-javascript • Microsoft Edge 149.0.4022.80

[✓] Network resources [526ms]
    • All expected network resources are available.

! Doctor found issues in 1 category.
```
